<?xml version="1.0" encoding="UTF-8"?>
<!-- Generated by org.testng.reporters.JUnitReportReporter -->
<testsuite hostname="INMFQAIQE" failures="0" tests="4" name="com.yatratrip.HomePageTest" time="75.100" errors="0" timestamp="2023-05-21T11:53:21 IST" skipped="0">
  <testcase classname="com.yatratrip.HomePageTest" name="logoCheck" time="14.158"/>
  <system-out/>
  <testcase classname="com.yatratrip.HomePageTest" name="searchFlight" time="22.947"/>
  <system-out/>
  <testcase classname="com.yatratrip.HomePageTest" name="getTitle" time="14.350"/>
  <system-out/>
  <testcase classname="com.yatratrip.HomePageTest" name="searchFlight" time="23.645"/>
  <system-out/>
</testsuite> <!-- com.yatratrip.HomePageTest -->
